2023-09-06T05:32:43.069803+00:00 INFO 'ansible_navigator.setup_logger' New ansible-navigator instance, logging initialized
2023-09-06T05:32:43.070131+00:00 INFO 'ansible_navigator.setup_logger' New ansible-runner instance, logging initialized
2023-09-06T05:32:43.070179+00:00 DEBUG 'ansible_navigator.main' ansible-builder==1.1.0 /usr/lib/python3.9/site-packages
2023-09-06T05:32:43.070208+00:00 DEBUG 'ansible_navigator.main' ansible-core==2.13.0 /usr/lib/python3.9/site-packages
2023-09-06T05:32:43.070230+00:00 DEBUG 'ansible_navigator.main' ansible-navigator==2.1.0 /usr/lib/python3.9/site-packages
2023-09-06T05:32:43.070265+00:00 DEBUG 'ansible_navigator.main' ansible-runner==2.2.0 /usr/lib/python3.9/site-packages
2023-09-06T05:32:43.070287+00:00 DEBUG 'ansible_navigator.main' attrs==21.4.0 /usr/lib/python3.9/site-packages
2023-09-06T05:32:43.070308+00:00 DEBUG 'ansible_navigator.main' babel==2.9.1 /usr/lib/python3.9/site-packages
2023-09-06T05:32:43.070328+00:00 DEBUG 'ansible_navigator.main' bindep==2.10.2 /usr/lib/python3.9/site-packages
2023-09-06T05:32:43.070348+00:00 DEBUG 'ansible_navigator.main' brlapi==0.8.2 /usr/lib64/python3.9/site-packages
2023-09-06T05:32:43.070368+00:00 DEBUG 'ansible_navigator.main' certifi==2020.6.20 /usr/lib/python3.9/site-packages
2023-09-06T05:32:43.070388+00:00 DEBUG 'ansible_navigator.main' cffi==1.15.0 /usr/lib64/python3.9/site-packages
2023-09-06T05:32:43.070408+00:00 DEBUG 'ansible_navigator.main' chardet==4.0.0 /usr/lib/python3.9/site-packages
2023-09-06T05:32:43.070428+00:00 DEBUG 'ansible_navigator.main' charset-normalizer==2.0.11 /usr/lib/python3.9/site-packages
2023-09-06T05:32:43.070448+00:00 DEBUG 'ansible_navigator.main' chrome-gnome-shell==0.0.0 /usr/lib/python3.9/site-packages
2023-09-06T05:32:43.070468+00:00 DEBUG 'ansible_navigator.main' cloud-init==21.1 /usr/lib/python3.9/site-packages
2023-09-06T05:32:43.070488+00:00 DEBUG 'ansible_navigator.main' configobj==5.0.6 /usr/lib/python3.9/site-packages
2023-09-06T05:32:43.070508+00:00 DEBUG 'ansible_navigator.main' cryptography==36.0.1 /usr/lib64/python3.9/site-packages
2023-09-06T05:32:43.070528+00:00 DEBUG 'ansible_navigator.main' cupshelpers==1.0 /usr/lib/python3.9/site-packages
2023-09-06T05:32:43.070547+00:00 DEBUG 'ansible_navigator.main' dasbus==1.4 /usr/lib/python3.9/site-packages
2023-09-06T05:32:43.070582+00:00 DEBUG 'ansible_navigator.main' dbus-python==1.2.18 /usr/lib64/python3.9/site-packages
2023-09-06T05:32:43.070603+00:00 DEBUG 'ansible_navigator.main' decorator==4.4.2 /usr/lib/python3.9/site-packages
2023-09-06T05:32:43.070623+00:00 DEBUG 'ansible_navigator.main' distlib==0.3.4 /usr/local/lib/python3.9/site-packages
2023-09-06T05:32:43.070643+00:00 DEBUG 'ansible_navigator.main' distro==1.6.0 /usr/lib/python3.9/site-packages
2023-09-06T05:32:43.070663+00:00 DEBUG 'ansible_navigator.main' docutils==0.16 /usr/lib/python3.9/site-packages
2023-09-06T05:32:43.070683+00:00 DEBUG 'ansible_navigator.main' ethtool==0.15 /usr/lib64/python3.9/site-packages
2023-09-06T05:32:43.070702+00:00 DEBUG 'ansible_navigator.main' file-magic==0.4.0 /usr/lib/python3.9/site-packages
2023-09-06T05:32:43.070722+00:00 DEBUG 'ansible_navigator.main' filelock==3.7.0 /usr/local/lib/python3.9/site-packages
2023-09-06T05:32:43.070742+00:00 DEBUG 'ansible_navigator.main' gpg==1.15.1 /usr/lib64/python3.9/site-packages
2023-09-06T05:32:43.070762+00:00 DEBUG 'ansible_navigator.main' idna==3.3 /usr/lib/python3.9/site-packages
2023-09-06T05:32:43.070782+00:00 DEBUG 'ansible_navigator.main' iniparse==0.4 /usr/lib/python3.9/site-packages
2023-09-06T05:32:43.070802+00:00 DEBUG 'ansible_navigator.main' jinja2==3.0.3 /usr/lib/python3.9/site-packages
2023-09-06T05:32:43.070822+00:00 DEBUG 'ansible_navigator.main' jsonpatch==1.21 /usr/lib/python3.9/site-packages
2023-09-06T05:32:43.070841+00:00 DEBUG 'ansible_navigator.main' jsonpointer==2.0 /usr/lib/python3.9/site-packages
2023-09-06T05:32:43.070861+00:00 DEBUG 'ansible_navigator.main' jsonschema==3.2.0 /usr/lib/python3.9/site-packages
2023-09-06T05:32:43.070882+00:00 DEBUG 'ansible_navigator.main' libcomps==0.1.18 /usr/lib64/python3.9/site-packages
2023-09-06T05:32:43.070908+00:00 DEBUG 'ansible_navigator.main' lockfile==0.12.2 /usr/lib/python3.9/site-packages
2023-09-06T05:32:43.070929+00:00 DEBUG 'ansible_navigator.main' lxml==4.6.5 /usr/lib64/python3.9/site-packages
2023-09-06T05:32:43.070949+00:00 DEBUG 'ansible_navigator.main' markupsafe==2.1.0 /usr/lib64/python3.9/site-packages
2023-09-06T05:32:43.070969+00:00 DEBUG 'ansible_navigator.main' netifaces==0.10.6 /usr/lib64/python3.9/site-packages
2023-09-06T05:32:43.070989+00:00 DEBUG 'ansible_navigator.main' nftables==0.1 /usr/lib/python3.9/site-packages
2023-09-06T05:32:43.071008+00:00 DEBUG 'ansible_navigator.main' oauthlib==3.1.1 /usr/lib/python3.9/site-packages
2023-09-06T05:32:43.071028+00:00 DEBUG 'ansible_navigator.main' onigurumacffi==1.1.0 /usr/lib64/python3.9/site-packages
2023-09-06T05:32:43.071048+00:00 DEBUG 'ansible_navigator.main' packaging==21.2 /usr/lib/python3.9/site-packages
2023-09-06T05:32:43.071069+00:00 DEBUG 'ansible_navigator.main' parsley==1.3 /usr/lib/python3.9/site-packages
2023-09-06T05:32:43.071089+00:00 DEBUG 'ansible_navigator.main' pathspec==0.11.2 /home/student/.local/lib/python3.9/site-packages
2023-09-06T05:32:43.071109+00:00 DEBUG 'ansible_navigator.main' pbr==5.8.1 /usr/lib/python3.9/site-packages
2023-09-06T05:32:43.071129+00:00 DEBUG 'ansible_navigator.main' perf==0.1 /usr/lib64/python3.9/site-packages
2023-09-06T05:32:43.071149+00:00 DEBUG 'ansible_navigator.main' pexpect==4.8.0 /usr/lib/python3.9/site-packages
2023-09-06T05:32:43.071168+00:00 DEBUG 'ansible_navigator.main' pip==21.2.3 /usr/lib/python3.9/site-packages
2023-09-06T05:32:43.071188+00:00 DEBUG 'ansible_navigator.main' platformdirs==2.5.2 /usr/local/lib/python3.9/site-packages
2023-09-06T05:32:43.071208+00:00 DEBUG 'ansible_navigator.main' ply==3.11 /usr/lib/python3.9/site-packages
2023-09-06T05:32:43.071228+00:00 DEBUG 'ansible_navigator.main' prettytable==0.7.2 /usr/lib/python3.9/site-packages
2023-09-06T05:32:43.071258+00:00 DEBUG 'ansible_navigator.main' psutil==5.8.0 /usr/lib64/python3.9/site-packages
2023-09-06T05:32:43.071280+00:00 DEBUG 'ansible_navigator.main' ptyprocess==0.6.0 /usr/lib/python3.9/site-packages
2023-09-06T05:32:43.071299+00:00 DEBUG 'ansible_navigator.main' pycairo==1.20.0 /usr/lib64/python3.9/site-packages
2023-09-06T05:32:43.071319+00:00 DEBUG 'ansible_navigator.main' pycparser==2.21 /usr/lib/python3.9/site-packages
2023-09-06T05:32:43.071339+00:00 DEBUG 'ansible_navigator.main' pycups==2.0.1 /usr/lib64/python3.9/site-packages
2023-09-06T05:32:43.071358+00:00 DEBUG 'ansible_navigator.main' pycurl==7.43.0.6 /usr/lib64/python3.9/site-packages
2023-09-06T05:32:43.071378+00:00 DEBUG 'ansible_navigator.main' pyenchant==3.2.0 /usr/lib/python3.9/site-packages
2023-09-06T05:32:43.071397+00:00 DEBUG 'ansible_navigator.main' pygobject==3.40.1 /usr/lib64/python3.9/site-packages
2023-09-06T05:32:43.071417+00:00 DEBUG 'ansible_navigator.main' pyinotify==0.9.6 /usr/lib/python3.9/site-packages
2023-09-06T05:32:43.071437+00:00 DEBUG 'ansible_navigator.main' pyopenssl==19.1.0 /usr/lib/python3.9/site-packages
2023-09-06T05:32:43.071456+00:00 DEBUG 'ansible_navigator.main' pyparsing==2.4.7 /usr/lib/python3.9/site-packages
2023-09-06T05:32:43.071475+00:00 DEBUG 'ansible_navigator.main' pyrsistent==0.17.3 /usr/lib64/python3.9/site-packages
2023-09-06T05:32:43.071494+00:00 DEBUG 'ansible_navigator.main' pyserial==3.4 /usr/lib/python3.9/site-packages
2023-09-06T05:32:43.071514+00:00 DEBUG 'ansible_navigator.main' pysocks==1.7.1 /usr/lib/python3.9/site-packages
2023-09-06T05:32:43.071534+00:00 DEBUG 'ansible_navigator.main' python-daemon==2.3.0 /usr/lib/python3.9/site-packages
2023-09-06T05:32:43.071553+00:00 DEBUG 'ansible_navigator.main' python-dateutil==2.8.1 /usr/lib/python3.9/site-packages
2023-09-06T05:32:43.071591+00:00 DEBUG 'ansible_navigator.main' python-dmidecode==3.12.2 /usr/lib64/python3.9/site-packages
2023-09-06T05:32:43.071612+00:00 DEBUG 'ansible_navigator.main' python-linux-procfs==0.7.0 /usr/lib/python3.9/site-packages
2023-09-06T05:32:43.071631+00:00 DEBUG 'ansible_navigator.main' pytz==2021.3 /usr/lib/python3.9/site-packages
2023-09-06T05:32:43.071655+00:00 DEBUG 'ansible_navigator.main' pyudev==0.22.0 /usr/lib/python3.9/site-packages
2023-09-06T05:32:43.071675+00:00 DEBUG 'ansible_navigator.main' pyxdg==0.27 /usr/lib/python3.9/site-packages
2023-09-06T05:32:43.071695+00:00 DEBUG 'ansible_navigator.main' pyyaml==5.4.1 /usr/lib64/python3.9/site-packages
2023-09-06T05:32:43.071715+00:00 DEBUG 'ansible_navigator.main' requests==2.27.1 /usr/lib/python3.9/site-packages
2023-09-06T05:32:43.071734+00:00 DEBUG 'ansible_navigator.main' requirements-parser==0.2.0 /usr/lib/python3.9/site-packages
2023-09-06T05:32:43.071754+00:00 DEBUG 'ansible_navigator.main' resolvelib==0.5.4 /usr/lib/python3.9/site-packages
2023-09-06T05:32:43.071773+00:00 DEBUG 'ansible_navigator.main' rpm==4.16.1.3 /usr/lib64/python3.9/site-packages
2023-09-06T05:32:43.071793+00:00 DEBUG 'ansible_navigator.main' selinux==3.3 /usr/lib64/python3.9/site-packages
2023-09-06T05:32:43.071812+00:00 DEBUG 'ansible_navigator.main' sepolicy==3.3 /usr/lib/python3.9/site-packages
2023-09-06T05:32:43.071832+00:00 DEBUG 'ansible_navigator.main' setools==4.4.0 /usr/lib64/python3.9/site-packages
2023-09-06T05:32:43.071851+00:00 DEBUG 'ansible_navigator.main' setroubleshoot==1.1 /usr/lib/python3.9/site-packages
2023-09-06T05:32:43.071871+00:00 DEBUG 'ansible_navigator.main' setuptools==53.0.0 /usr/lib/python3.9/site-packages
2023-09-06T05:32:43.071890+00:00 DEBUG 'ansible_navigator.main' six==1.16.0 /usr/lib/python3.9/site-packages
2023-09-06T05:32:43.071910+00:00 DEBUG 'ansible_navigator.main' sos==4.2 /usr/lib/python3.9/site-packages
2023-09-06T05:32:43.071929+00:00 DEBUG 'ansible_navigator.main' subscription-manager==1.29.26 /usr/lib64/python3.9/site-packages
2023-09-06T05:32:43.071949+00:00 DEBUG 'ansible_navigator.main' systemd-python==234 /usr/lib64/python3.9/site-packages
2023-09-06T05:32:43.071969+00:00 DEBUG 'ansible_navigator.main' urllib3==1.26.8 /usr/lib/python3.9/site-packages
2023-09-06T05:32:43.071988+00:00 DEBUG 'ansible_navigator.main' virtualenv==20.14.1 /usr/local/lib/python3.9/site-packages
2023-09-06T05:32:43.072008+00:00 DEBUG 'ansible_navigator.main' yamllint==1.32.0 /home/student/.local/lib/python3.9/site-packages
2023-09-06T05:32:43.072028+00:00 DEBUG 'ansible_navigator.main' Share directory '/usr/lib/python3.9/share/ansible_navigator' not found (development path)
2023-09-06T05:32:43.072048+00:00 DEBUG 'ansible_navigator.main' Share directory '/home/student/.local/share/ansible_navigator' not found (userbase)
2023-09-06T05:32:43.072067+00:00 DEBUG 'ansible_navigator.main' Share directory '/usr/share/ansible_navigator' found (sys.prefix)
2023-09-06T05:32:43.072088+00:00 DEBUG 'ansible_navigator.main' Default collection_doc_cache_path set to: /home/student/.cache/ansible-navigator/collection_doc_cache.db
2023-09-06T05:32:43.072108+00:00 DEBUG 'ansible_navigator.main' EDITOR environment variable set as '/usr/bin/vim'
2023-09-06T05:32:43.072127+00:00 DEBUG 'ansible_navigator.main' Default editor_command set to: /usr/bin/vim {filename}
2023-09-06T05:32:43.072147+00:00 DEBUG 'ansible_navigator.main' No config file set by ANSIBLE_NAVIGATOR_CONFIG
2023-09-06T05:32:43.072167+00:00 DEBUG 'ansible_navigator.main' Looking in /home/student
2023-09-06T05:32:43.072187+00:00 DEBUG 'ansible_navigator.main' Looking for '/home/student/.ansible-navigator.yml', '/home/student/.ansible-navigator.yaml' and '/home/student/.ansible-navigator.json'
2023-09-06T05:32:43.072207+00:00 DEBUG 'ansible_navigator.main' Found 1: '/home/student/.ansible-navigator.yml'
2023-09-06T05:32:43.072227+00:00 DEBUG 'ansible_navigator.main' Looking in /home/student/rifqoi
2023-09-06T05:32:43.072246+00:00 DEBUG 'ansible_navigator.main' Looking for '/home/student/rifqoi/ansible-navigator.yml', '/home/student/rifqoi/ansible-navigator.yaml' and '/home/student/rifqoi/ansible-navigator.json'
2023-09-06T05:32:43.072277+00:00 DEBUG 'ansible_navigator.main' Found 0: 
2023-09-06T05:32:43.072298+00:00 DEBUG 'ansible_navigator.main' All found 1: '/home/student/.ansible-navigator.yml'
2023-09-06T05:32:43.072320+00:00 DEBUG 'ansible_navigator.main' Using: /home/student/.ansible-navigator.yml
2023-09-06T05:32:43.072341+00:00 DEBUG 'ansible_navigator.main' Using settings file at /home/student/.ansible-navigator.yml in search path
2023-09-06T05:32:43.072360+00:00 DEBUG 'ansible_navigator.main' Command provided: 'run -m stdout'
2023-09-06T05:32:43.072380+00:00 DEBUG 'ansible_navigator.main' ansible-navigator.ansible-runner.artifact-dir not found in settings file
2023-09-06T05:32:43.072400+00:00 DEBUG 'ansible_navigator.main' ansible-navigator.ansible-runner.rotate-artifacts-count not found in settings file
2023-09-06T05:32:43.072420+00:00 DEBUG 'ansible_navigator.main' ansible-navigator.ansible-runner.timeout not found in settings file
2023-09-06T05:32:43.072439+00:00 DEBUG 'ansible_navigator.main' ansible-navigator.app not found in settings file
2023-09-06T05:32:43.072459+00:00 DEBUG 'ansible_navigator.main' ansible-navigator.ansible.cmdline not found in settings file
2023-09-06T05:32:43.072479+00:00 DEBUG 'ansible_navigator.main' ansible-navigator.collection-doc-cache-path not found in settings file
2023-09-06T05:32:43.072499+00:00 DEBUG 'ansible_navigator.main' ansible-navigator.ansible.config.path not found in settings file
2023-09-06T05:32:43.072519+00:00 DEBUG 'ansible_navigator.main' ansible-navigator.execution-environment.container-engine not found in settings file
2023-09-06T05:32:43.072539+00:00 DEBUG 'ansible_navigator.main' ansible-navigator.execution-environment.container-options not found in settings file
2023-09-06T05:32:43.072608+00:00 DEBUG 'ansible_navigator.main' ansible-navigator.color.enable not found in settings file
2023-09-06T05:32:43.072633+00:00 DEBUG 'ansible_navigator.main' ansible-navigator.editor.command not found in settings file
2023-09-06T05:32:43.072654+00:00 DEBUG 'ansible_navigator.main' ansible-navigator.editor.console not found in settings file
2023-09-06T05:32:43.072674+00:00 DEBUG 'ansible_navigator.main' ansible-navigator.exec.command not found in settings file
2023-09-06T05:32:43.072694+00:00 DEBUG 'ansible_navigator.main' ansible-navigator.exec.shell not found in settings file
2023-09-06T05:32:43.072714+00:00 DEBUG 'ansible_navigator.main' ansible-navigator.execution-environment.enabled not found in settings file
2023-09-06T05:32:43.072734+00:00 DEBUG 'ansible_navigator.main' ansible-navigator.execution-environment.volume-mounts not found in settings file
2023-09-06T05:32:43.072754+00:00 DEBUG 'ansible_navigator.main' ansible-navigator.ansible-builder.help not found in settings file
2023-09-06T05:32:43.072774+00:00 DEBUG 'ansible_navigator.main' ansible-navigator.ansible.config.help not found in settings file
2023-09-06T05:32:43.072794+00:00 DEBUG 'ansible_navigator.main' ansible-navigator.ansible.doc.help not found in settings file
2023-09-06T05:32:43.072814+00:00 DEBUG 'ansible_navigator.main' ansible-navigator.ansible.inventory.help not found in settings file
2023-09-06T05:32:43.072834+00:00 DEBUG 'ansible_navigator.main' ansible-navigator.ansible.playbook.help not found in settings file
2023-09-06T05:32:43.072853+00:00 DEBUG 'ansible_navigator.main' ansible-navigator.images.details not found in settings file
2023-09-06T05:32:43.072873+00:00 DEBUG 'ansible_navigator.main' ansible-navigator.ansible.inventory.entries not found in settings file
2023-09-06T05:32:43.072893+00:00 DEBUG 'ansible_navigator.main' ansible-navigator.inventory-columns not found in settings file
2023-09-06T05:32:43.072913+00:00 DEBUG 'ansible_navigator.main' ansible-navigator.ansible-lint.config not found in settings file
2023-09-06T05:32:43.072933+00:00 DEBUG 'ansible_navigator.main' ansible-navigator.ansible-lint.lintables not found in settings file
2023-09-06T05:32:43.072953+00:00 DEBUG 'ansible_navigator.main' ansible-navigator.logging.append not found in settings file
2023-09-06T05:32:43.072972+00:00 DEBUG 'ansible_navigator.main' ansible-navigator.logging.file not found in settings file
2023-09-06T05:32:43.072991+00:00 DEBUG 'ansible_navigator.main' ansible-navigator.logging.level not found in settings file
2023-09-06T05:32:43.073015+00:00 DEBUG 'ansible_navigator.main' ansible-navigator.mode not found in settings file
2023-09-06T05:32:43.073035+00:00 DEBUG 'ansible_navigator.main' ansible-navigator.color.osc4 not found in settings file
2023-09-06T05:32:43.073055+00:00 DEBUG 'ansible_navigator.main' ansible-navigator.execution-environment.environment-variables.pass not found in settings file
2023-09-06T05:32:43.073075+00:00 DEBUG 'ansible_navigator.main' ansible-navigator.ansible.playbook.path not found in settings file
2023-09-06T05:32:43.073094+00:00 DEBUG 'ansible_navigator.main' ansible-navigator.playbook-artifact.replay not found in settings file
2023-09-06T05:32:43.073114+00:00 DEBUG 'ansible_navigator.main' ansible-navigator.playbook-artifact.save-as not found in settings file
2023-09-06T05:32:43.073133+00:00 DEBUG 'ansible_navigator.main' ansible-navigator.ansible.doc.plugin.name not found in settings file
2023-09-06T05:32:43.073153+00:00 DEBUG 'ansible_navigator.main' ansible-navigator.ansible.doc.plugin.type not found in settings file
2023-09-06T05:32:43.073173+00:00 DEBUG 'ansible_navigator.main' ansible-navigator.execution-environment.pull.arguments not found in settings file
2023-09-06T05:32:43.073193+00:00 DEBUG 'ansible_navigator.main' ansible-navigator.execution-environment.environment-variables.set not found in settings file
2023-09-06T05:32:43.073212+00:00 DEBUG 'ansible_navigator.main' ansible-navigator.settings.effective not found in settings file
2023-09-06T05:32:43.073232+00:00 DEBUG 'ansible_navigator.main' ansible-navigator.settings.sample not found in settings file
2023-09-06T05:32:43.073260+00:00 DEBUG 'ansible_navigator.main' ansible-navigator.settings.schema not found in settings file
2023-09-06T05:32:43.073281+00:00 DEBUG 'ansible_navigator.main' ansible-navigator.settings.sources not found in settings file
2023-09-06T05:32:43.073300+00:00 DEBUG 'ansible_navigator.main' ansible-navigator.time-zone not found in settings file
2023-09-06T05:32:43.073320+00:00 DEBUG 'ansible_navigator.main' ansible-navigator.ansible-builder.workdir not found in settings file
2023-09-06T05:32:43.073340+00:00 DEBUG 'ansible_navigator.main' EE support enabled: using current working directory for 'ansible.cfg'
2023-09-06T05:32:43.073359+00:00 INFO 'ansible_navigator.main' EE support enabled: found 'ansible.cfg' in current working directory.
2023-09-06T05:32:43.073379+00:00 DEBUG 'ansible_navigator.main' Completed post processing for ansible_runner_artifact_dir. (changed=False)
2023-09-06T05:32:43.073398+00:00 DEBUG 'ansible_navigator.main' Completed post processing for ansible_runner_rotate_artifacts_count. (changed=False)
2023-09-06T05:32:43.073417+00:00 DEBUG 'ansible_navigator.main' Completed post processing for ansible_runner_timeout. (changed=False)
2023-09-06T05:32:43.073437+00:00 DEBUG 'ansible_navigator.main' Completed post processing for cmdline. (changed=False)
2023-09-06T05:32:43.073457+00:00 DEBUG 'ansible_navigator.main' Completed post processing for collection_doc_cache_path. (changed=False)
2023-09-06T05:32:43.073477+00:00 DEBUG 'ansible_navigator.main' Completed post processing for container_engine. (changed=True)
2023-09-06T05:32:43.073496+00:00 DEBUG 'ansible_navigator.main'  before: 'auto'
2023-09-06T05:32:43.073516+00:00 DEBUG 'ansible_navigator.main'  after: 'podman'
2023-09-06T05:32:43.073535+00:00 DEBUG 'ansible_navigator.main' Completed post processing for container_options. (changed=False)
2023-09-06T05:32:43.073555+00:00 DEBUG 'ansible_navigator.main' Completed post processing for display_color. (changed=False)
2023-09-06T05:32:43.073583+00:00 DEBUG 'ansible_navigator.main' Completed post processing for execution_environment. (changed=False)
2023-09-06T05:32:43.073603+00:00 DEBUG 'ansible_navigator.main' Completed post processing for execution_environment_image. (changed=False)
2023-09-06T05:32:43.073622+00:00 DEBUG 'ansible_navigator.main' Completed post processing for help_builder. (changed=False)
2023-09-06T05:32:43.073642+00:00 DEBUG 'ansible_navigator.main' Completed post processing for help_config. (changed=False)
2023-09-06T05:32:43.073666+00:00 DEBUG 'ansible_navigator.main' Completed post processing for help_doc. (changed=False)
2023-09-06T05:32:43.073686+00:00 DEBUG 'ansible_navigator.main' Completed post processing for help_inventory. (changed=False)
2023-09-06T05:32:43.073705+00:00 DEBUG 'ansible_navigator.main' Completed post processing for help_playbook. (changed=False)
2023-09-06T05:32:43.073725+00:00 DEBUG 'ansible_navigator.main' Completed post processing for images_details. (changed=False)
2023-09-06T05:32:43.073744+00:00 DEBUG 'ansible_navigator.main' Completed post processing for inventory. (changed=True)
2023-09-06T05:32:43.073764+00:00 DEBUG 'ansible_navigator.main'  before: 'Not set'
2023-09-06T05:32:43.073783+00:00 DEBUG 'ansible_navigator.main'  after: '['/home/student/rifqoi/inventory']'
2023-09-06T05:32:43.073803+00:00 DEBUG 'ansible_navigator.main' Completed post processing for inventory_column. (changed=False)
2023-09-06T05:32:43.073822+00:00 DEBUG 'ansible_navigator.main' Completed post processing for log_file. (changed=False)
2023-09-06T05:32:43.073842+00:00 DEBUG 'ansible_navigator.main' Completed post processing for pass_environment_variable. (changed=False)
2023-09-06T05:32:43.073862+00:00 DEBUG 'ansible_navigator.main' Completed post processing for playbook. (changed=False)
2023-09-06T05:32:43.073881+00:00 DEBUG 'ansible_navigator.main' Completed post processing for playbook_artifact_replay. (changed=False)
2023-09-06T05:32:43.073900+00:00 DEBUG 'ansible_navigator.main' Completed post processing for playbook_artifact_save_as. (changed=False)
2023-09-06T05:32:43.073920+00:00 DEBUG 'ansible_navigator.main' Completed post processing for plugin_name. (changed=False)
2023-09-06T05:32:43.073940+00:00 DEBUG 'ansible_navigator.main' Completed post processing for pull_arguments. (changed=False)
2023-09-06T05:32:43.073959+00:00 DEBUG 'ansible_navigator.main' Completed post processing for set_environment_variable. (changed=False)
2023-09-06T05:32:43.073978+00:00 DEBUG 'ansible_navigator.main' Completed post processing for settings_effective. (changed=False)
2023-09-06T05:32:43.073998+00:00 DEBUG 'ansible_navigator.main' Completed post processing for settings_sample. (changed=False)
2023-09-06T05:32:43.074017+00:00 DEBUG 'ansible_navigator.main' Completed post processing for settings_schema. (changed=False)
2023-09-06T05:32:43.074037+00:00 DEBUG 'ansible_navigator.main' Completed post processing for settings_sources. (changed=False)
2023-09-06T05:32:43.074056+00:00 DEBUG 'ansible_navigator.main' Completed post processing for time_zone. (changed=False)
2023-09-06T05:32:43.074076+00:00 DEBUG 'ansible_navigator.main' Completed post processing for execution_environment_volume_mounts. (changed=False)
2023-09-06T05:32:43.074095+00:00 DEBUG 'ansible_navigator.main' Completed post processing for mode. (changed=False)
2023-09-06T05:32:43.074118+00:00 WARNING 'ansible_navigator.main' Configuration errors encountered, rolling back to previous configuration.
2023-09-06T05:32:43.074138+00:00 DEBUG 'ansible_navigator.main' Prior to rollback: ansible_runner_artifact_dir = 'Not set' (Constants/Not set)
2023-09-06T05:32:43.074158+00:00 DEBUG 'ansible_navigator.main' Prior to rollback: ansible_runner_rotate_artifacts_count = 'Not set' (Constants/Not set)
2023-09-06T05:32:43.074177+00:00 DEBUG 'ansible_navigator.main' Prior to rollback: ansible_runner_timeout = 'Not set' (Constants/Not set)
2023-09-06T05:32:43.074197+00:00 DEBUG 'ansible_navigator.main' Prior to rollback: app = 'run' (str/Command line)
2023-09-06T05:32:43.074216+00:00 DEBUG 'ansible_navigator.main' Prior to rollback: cmdline = 'Not set' (Constants/Not set)
2023-09-06T05:32:43.074236+00:00 DEBUG 'ansible_navigator.main' Prior to rollback: collection_doc_cache_path = '/home/student/.cache/ansible-navigator/collection_doc_cache.db' (str/Defaults)
2023-09-06T05:32:43.074261+00:00 DEBUG 'ansible_navigator.main' Prior to rollback: config = 'Not set' (Constants/Not set)
2023-09-06T05:32:43.074281+00:00 DEBUG 'ansible_navigator.main' Prior to rollback: container_engine = 'podman' (str/Automatically determined)
2023-09-06T05:32:43.074303+00:00 DEBUG 'ansible_navigator.main' Prior to rollback: container_options = 'Not set' (Constants/Not set)
2023-09-06T05:32:43.074323+00:00 DEBUG 'ansible_navigator.main' Prior to rollback: display_color = 'True' (bool/Defaults)
2023-09-06T05:32:43.074343+00:00 DEBUG 'ansible_navigator.main' Prior to rollback: editor_command = '/usr/bin/vim {filename}' (str/Defaults)
2023-09-06T05:32:43.074362+00:00 DEBUG 'ansible_navigator.main' Prior to rollback: editor_console = 'True' (bool/Defaults)
2023-09-06T05:32:43.074381+00:00 DEBUG 'ansible_navigator.main' Prior to rollback: exec_command = '/bin/bash' (str/Defaults)
2023-09-06T05:32:43.074401+00:00 DEBUG 'ansible_navigator.main' Prior to rollback: exec_shell = 'True' (bool/Defaults)
2023-09-06T05:32:43.074420+00:00 DEBUG 'ansible_navigator.main' Prior to rollback: execution_environment = 'True' (bool/Defaults)
2023-09-06T05:32:43.074440+00:00 DEBUG 'ansible_navigator.main' Prior to rollback: execution_environment_image = 'utility.lab.example.com/ee-supported-rhel8:latest' (str/Settings file)
2023-09-06T05:32:43.074459+00:00 DEBUG 'ansible_navigator.main' Prior to rollback: execution_environment_volume_mounts = 'Not set' (Constants/Not set)
2023-09-06T05:32:43.074479+00:00 DEBUG 'ansible_navigator.main' Prior to rollback: help_builder = 'False' (bool/Defaults)
2023-09-06T05:32:43.074498+00:00 DEBUG 'ansible_navigator.main' Prior to rollback: help_config = 'False' (bool/Defaults)
2023-09-06T05:32:43.074518+00:00 DEBUG 'ansible_navigator.main' Prior to rollback: help_doc = 'False' (bool/Defaults)
2023-09-06T05:32:43.074538+00:00 DEBUG 'ansible_navigator.main' Prior to rollback: help_inventory = 'False' (bool/Defaults)
2023-09-06T05:32:43.074557+00:00 DEBUG 'ansible_navigator.main' Prior to rollback: help_playbook = 'False' (bool/Defaults)
2023-09-06T05:32:43.074585+00:00 DEBUG 'ansible_navigator.main' Prior to rollback: images_details = '['everything']' (list/Defaults)
2023-09-06T05:32:43.074605+00:00 DEBUG 'ansible_navigator.main' Prior to rollback: inventory = '['/home/student/rifqoi/inventory']' (list/Ansible configuration file)
2023-09-06T05:32:43.074625+00:00 DEBUG 'ansible_navigator.main' Prior to rollback: inventory_column = 'Not set' (Constants/Not set)
2023-09-06T05:32:43.074645+00:00 DEBUG 'ansible_navigator.main' Prior to rollback: lint_config = 'Not set' (Constants/Not set)
2023-09-06T05:32:43.074664+00:00 DEBUG 'ansible_navigator.main' Prior to rollback: lintables = 'Not set' (Constants/Not set)
2023-09-06T05:32:43.074683+00:00 DEBUG 'ansible_navigator.main' Prior to rollback: log_append = 'True' (bool/Defaults)
2023-09-06T05:32:43.074703+00:00 DEBUG 'ansible_navigator.main' Prior to rollback: log_file = '/home/student/rifqoi/ansible-navigator.log' (str/Defaults)
2023-09-06T05:32:43.074722+00:00 DEBUG 'ansible_navigator.main' Prior to rollback: log_level = 'warning' (str/Defaults)
2023-09-06T05:32:43.074742+00:00 DEBUG 'ansible_navigator.main' Prior to rollback: mode = 'stdout' (str/Command line)
2023-09-06T05:32:43.074761+00:00 DEBUG 'ansible_navigator.main' Prior to rollback: osc4 = 'True' (bool/Defaults)
2023-09-06T05:32:43.074780+00:00 DEBUG 'ansible_navigator.main' Prior to rollback: pass_environment_variable = 'Not set' (Constants/Not set)
2023-09-06T05:32:43.074800+00:00 DEBUG 'ansible_navigator.main' Prior to rollback: playbook = 'Not set' (Constants/Not set)
2023-09-06T05:32:43.074820+00:00 DEBUG 'ansible_navigator.main' Prior to rollback: playbook_artifact_enable = 'False' (bool/Settings file)
2023-09-06T05:32:43.074839+00:00 DEBUG 'ansible_navigator.main' Prior to rollback: playbook_artifact_replay = 'Not set' (Constants/Not set)
2023-09-06T05:32:43.074858+00:00 DEBUG 'ansible_navigator.main' Prior to rollback: playbook_artifact_save_as = '{playbook_dir}/{playbook_name}-artifact-{time_stamp}.json' (str/Defaults)
2023-09-06T05:32:43.074878+00:00 DEBUG 'ansible_navigator.main' Prior to rollback: plugin_name = 'Not set' (Constants/Not set)
2023-09-06T05:32:43.074900+00:00 DEBUG 'ansible_navigator.main' Prior to rollback: plugin_type = 'module' (str/Defaults)
2023-09-06T05:32:43.074921+00:00 DEBUG 'ansible_navigator.main' Prior to rollback: pull_arguments = 'Not set' (Constants/Not set)
2023-09-06T05:32:43.074940+00:00 DEBUG 'ansible_navigator.main' Prior to rollback: pull_policy = 'missing' (str/Settings file)
2023-09-06T05:32:43.074959+00:00 DEBUG 'ansible_navigator.main' Prior to rollback: set_environment_variable = 'Not set' (Constants/Not set)
2023-09-06T05:32:43.074979+00:00 DEBUG 'ansible_navigator.main' Prior to rollback: settings_effective = 'False' (bool/Defaults)
2023-09-06T05:32:43.074998+00:00 DEBUG 'ansible_navigator.main' Prior to rollback: settings_sample = 'False' (bool/Defaults)
2023-09-06T05:32:43.075018+00:00 DEBUG 'ansible_navigator.main' Prior to rollback: settings_schema = 'json' (str/Defaults)
2023-09-06T05:32:43.075037+00:00 DEBUG 'ansible_navigator.main' Prior to rollback: settings_sources = 'False' (bool/Defaults)
2023-09-06T05:32:43.075057+00:00 DEBUG 'ansible_navigator.main' Prior to rollback: time_zone = 'UTC' (str/Defaults)
2023-09-06T05:32:43.075076+00:00 DEBUG 'ansible_navigator.main' Prior to rollback: workdir = '/home/student/rifqoi' (str/Defaults)
2023-09-06T05:32:43.075096+00:00 DEBUG 'ansible_navigator.main' After rollback: ansible_runner_artifact_dir = 'Not set' (Constants/Not set)
2023-09-06T05:32:43.075115+00:00 DEBUG 'ansible_navigator.main' After rollback: ansible_runner_rotate_artifacts_count = 'Not set' (Constants/Not set)
2023-09-06T05:32:43.075135+00:00 DEBUG 'ansible_navigator.main' After rollback: ansible_runner_timeout = 'Not set' (Constants/Not set)
2023-09-06T05:32:43.075155+00:00 DEBUG 'ansible_navigator.main' After rollback: app = 'Not set' (Constants/Not set)
2023-09-06T05:32:43.075174+00:00 DEBUG 'ansible_navigator.main' After rollback: cmdline = 'Not set' (Constants/Not set)
2023-09-06T05:32:43.075194+00:00 DEBUG 'ansible_navigator.main' After rollback: collection_doc_cache_path = 'Not set' (Constants/Not set)
2023-09-06T05:32:43.075214+00:00 DEBUG 'ansible_navigator.main' After rollback: config = 'Not set' (Constants/Not set)
2023-09-06T05:32:43.075233+00:00 DEBUG 'ansible_navigator.main' After rollback: container_engine = 'Not set' (Constants/Not set)
2023-09-06T05:32:43.075260+00:00 DEBUG 'ansible_navigator.main' After rollback: container_options = 'Not set' (Constants/Not set)
2023-09-06T05:32:43.075280+00:00 DEBUG 'ansible_navigator.main' After rollback: display_color = 'Not set' (Constants/Not set)
2023-09-06T05:32:43.075300+00:00 DEBUG 'ansible_navigator.main' After rollback: editor_command = 'Not set' (Constants/Not set)
2023-09-06T05:32:43.075319+00:00 DEBUG 'ansible_navigator.main' After rollback: editor_console = 'Not set' (Constants/Not set)
2023-09-06T05:32:43.075338+00:00 DEBUG 'ansible_navigator.main' After rollback: exec_command = 'Not set' (Constants/Not set)
2023-09-06T05:32:43.075358+00:00 DEBUG 'ansible_navigator.main' After rollback: exec_shell = 'Not set' (Constants/Not set)
2023-09-06T05:32:43.075377+00:00 DEBUG 'ansible_navigator.main' After rollback: execution_environment = 'Not set' (Constants/Not set)
2023-09-06T05:32:43.075396+00:00 DEBUG 'ansible_navigator.main' After rollback: execution_environment_image = 'Not set' (Constants/Not set)
2023-09-06T05:32:43.075416+00:00 DEBUG 'ansible_navigator.main' After rollback: execution_environment_volume_mounts = 'Not set' (Constants/Not set)
2023-09-06T05:32:43.075436+00:00 DEBUG 'ansible_navigator.main' After rollback: help_builder = 'Not set' (Constants/Not set)
2023-09-06T05:32:43.075455+00:00 DEBUG 'ansible_navigator.main' After rollback: help_config = 'Not set' (Constants/Not set)
2023-09-06T05:32:43.075475+00:00 DEBUG 'ansible_navigator.main' After rollback: help_doc = 'Not set' (Constants/Not set)
2023-09-06T05:32:43.075494+00:00 DEBUG 'ansible_navigator.main' After rollback: help_inventory = 'Not set' (Constants/Not set)
2023-09-06T05:32:43.075513+00:00 DEBUG 'ansible_navigator.main' After rollback: help_playbook = 'Not set' (Constants/Not set)
2023-09-06T05:32:43.075535+00:00 DEBUG 'ansible_navigator.main' After rollback: images_details = 'Not set' (Constants/Not set)
2023-09-06T05:32:43.075556+00:00 DEBUG 'ansible_navigator.main' After rollback: inventory = 'Not set' (Constants/Not set)
2023-09-06T05:32:43.075590+00:00 DEBUG 'ansible_navigator.main' After rollback: inventory_column = 'Not set' (Constants/Not set)
2023-09-06T05:32:43.075610+00:00 DEBUG 'ansible_navigator.main' After rollback: lint_config = 'Not set' (Constants/Not set)
2023-09-06T05:32:43.075630+00:00 DEBUG 'ansible_navigator.main' After rollback: lintables = 'Not set' (Constants/Not set)
2023-09-06T05:32:43.075649+00:00 DEBUG 'ansible_navigator.main' After rollback: log_append = 'Not set' (Constants/Not set)
2023-09-06T05:32:43.075670+00:00 DEBUG 'ansible_navigator.main' After rollback: log_file = 'Not set' (Constants/Not set)
2023-09-06T05:32:43.075698+00:00 DEBUG 'ansible_navigator.main' After rollback: log_level = 'Not set' (Constants/Not set)
2023-09-06T05:32:43.075730+00:00 DEBUG 'ansible_navigator.main' After rollback: mode = 'Not set' (Constants/Not set)
2023-09-06T05:32:43.075752+00:00 DEBUG 'ansible_navigator.main' After rollback: osc4 = 'Not set' (Constants/Not set)
2023-09-06T05:32:43.075772+00:00 DEBUG 'ansible_navigator.main' After rollback: pass_environment_variable = 'Not set' (Constants/Not set)
2023-09-06T05:32:43.075792+00:00 DEBUG 'ansible_navigator.main' After rollback: playbook = 'Not set' (Constants/Not set)
2023-09-06T05:32:43.075811+00:00 DEBUG 'ansible_navigator.main' After rollback: playbook_artifact_enable = 'Not set' (Constants/Not set)
2023-09-06T05:32:43.075831+00:00 DEBUG 'ansible_navigator.main' After rollback: playbook_artifact_replay = 'Not set' (Constants/Not set)
2023-09-06T05:32:43.075850+00:00 DEBUG 'ansible_navigator.main' After rollback: playbook_artifact_save_as = 'Not set' (Constants/Not set)
2023-09-06T05:32:43.075869+00:00 DEBUG 'ansible_navigator.main' After rollback: plugin_name = 'Not set' (Constants/Not set)
2023-09-06T05:32:43.075889+00:00 DEBUG 'ansible_navigator.main' After rollback: plugin_type = 'Not set' (Constants/Not set)
2023-09-06T05:32:43.075909+00:00 DEBUG 'ansible_navigator.main' After rollback: pull_arguments = 'Not set' (Constants/Not set)
2023-09-06T05:32:43.075928+00:00 DEBUG 'ansible_navigator.main' After rollback: pull_policy = 'Not set' (Constants/Not set)
2023-09-06T05:32:43.075948+00:00 DEBUG 'ansible_navigator.main' After rollback: set_environment_variable = 'Not set' (Constants/Not set)
2023-09-06T05:32:43.075967+00:00 DEBUG 'ansible_navigator.main' After rollback: settings_effective = 'Not set' (Constants/Not set)
2023-09-06T05:32:43.075986+00:00 DEBUG 'ansible_navigator.main' After rollback: settings_sample = 'Not set' (Constants/Not set)
2023-09-06T05:32:43.076006+00:00 DEBUG 'ansible_navigator.main' After rollback: settings_schema = 'Not set' (Constants/Not set)
2023-09-06T05:32:43.076025+00:00 DEBUG 'ansible_navigator.main' After rollback: settings_sources = 'Not set' (Constants/Not set)
2023-09-06T05:32:43.076045+00:00 DEBUG 'ansible_navigator.main' After rollback: time_zone = 'Not set' (Constants/Not set)
2023-09-06T05:32:43.076065+00:00 DEBUG 'ansible_navigator.main' After rollback: workdir = 'Not set' (Constants/Not set)
2023-09-06T05:32:43.076084+00:00 DEBUG 'ansible_navigator.main' Configuration rollback complete.
2023-09-06T05:32:43.076104+00:00 DEBUG 'ansible_navigator.main' Collection doc cache not mounted
2023-09-06T05:32:43.076137+00:00 WARNING 'ansible_navigator.main' Issues were found while applying the settings.
2023-09-06T05:32:43.076159+00:00 INFO 'ansible_navigator.main' Command provided: 'run -m stdout'
2023-09-06T05:32:43.076186+00:00 ERROR 'ansible_navigator.main' A playbook is required when using the run subcommand
2023-09-06T05:32:43.076208+00:00 INFO 'ansible_navigator.main' Try again with 'run <playbook name>'
2023-09-06T05:32:43.076230+00:00 INFO 'ansible_navigator.main' Configuration failed, using default log file location. (/home/student/rifqoi/ansible-navigator.log) Log level set to debug
2023-09-06T05:32:43.076265+00:00 INFO 'ansible_navigator.main' Review the hints and log file to see what went wrong.
2023-09-06T13:46:53.785090+00:00 WARNING 'ansible_navigator.run' Dirty exit, killing the pid
2023-09-06T15:22:50.917225+00:00 ERROR 'ansible_navigator.actions.doc._run_runner' Error occurred while fetching doc for plugin ansible.bultin: '[WARNING]: module ansible.bultin not found in: /home/student/latihan_drive/libr
ary:/home/runner/.ansible/plugins/modules:/usr/share/ansible/plugins/modules:/u
sr/lib/python3.9/site-packages/ansible/modules
'
2023-09-06T15:22:54.617384+00:00 INFO 'ansible_navigator.setup_logger' New ansible-navigator instance, logging initialized
2023-09-06T15:22:54.617653+00:00 INFO 'ansible_navigator.setup_logger' New ansible-runner instance, logging initialized
2023-09-06T15:22:54.617698+00:00 DEBUG 'ansible_navigator.main' ansible-builder==1.1.0 /usr/lib/python3.9/site-packages
2023-09-06T15:22:54.617727+00:00 DEBUG 'ansible_navigator.main' ansible-core==2.13.0 /usr/lib/python3.9/site-packages
2023-09-06T15:22:54.617752+00:00 DEBUG 'ansible_navigator.main' ansible-navigator==2.1.0 /usr/lib/python3.9/site-packages
2023-09-06T15:22:54.617776+00:00 DEBUG 'ansible_navigator.main' ansible-runner==2.2.0 /usr/lib/python3.9/site-packages
2023-09-06T15:22:54.617798+00:00 DEBUG 'ansible_navigator.main' attrs==21.4.0 /usr/lib/python3.9/site-packages
2023-09-06T15:22:54.617821+00:00 DEBUG 'ansible_navigator.main' babel==2.9.1 /usr/lib/python3.9/site-packages
2023-09-06T15:22:54.617843+00:00 DEBUG 'ansible_navigator.main' bindep==2.10.2 /usr/lib/python3.9/site-packages
2023-09-06T15:22:54.617865+00:00 DEBUG 'ansible_navigator.main' brlapi==0.8.2 /usr/lib64/python3.9/site-packages
2023-09-06T15:22:54.617887+00:00 DEBUG 'ansible_navigator.main' certifi==2020.6.20 /usr/lib/python3.9/site-packages
2023-09-06T15:22:54.617908+00:00 DEBUG 'ansible_navigator.main' cffi==1.15.0 /usr/lib64/python3.9/site-packages
2023-09-06T15:22:54.617930+00:00 DEBUG 'ansible_navigator.main' chardet==4.0.0 /usr/lib/python3.9/site-packages
2023-09-06T15:22:54.617952+00:00 DEBUG 'ansible_navigator.main' charset-normalizer==2.0.11 /usr/lib/python3.9/site-packages
2023-09-06T15:22:54.617973+00:00 DEBUG 'ansible_navigator.main' chrome-gnome-shell==0.0.0 /usr/lib/python3.9/site-packages
2023-09-06T15:22:54.617995+00:00 DEBUG 'ansible_navigator.main' cloud-init==21.1 /usr/lib/python3.9/site-packages
2023-09-06T15:22:54.618016+00:00 DEBUG 'ansible_navigator.main' configobj==5.0.6 /usr/lib/python3.9/site-packages
2023-09-06T15:22:54.618038+00:00 DEBUG 'ansible_navigator.main' cryptography==36.0.1 /usr/lib64/python3.9/site-packages
2023-09-06T15:22:54.618060+00:00 DEBUG 'ansible_navigator.main' cupshelpers==1.0 /usr/lib/python3.9/site-packages
2023-09-06T15:22:54.618081+00:00 DEBUG 'ansible_navigator.main' dasbus==1.4 /usr/lib/python3.9/site-packages
2023-09-06T15:22:54.618102+00:00 DEBUG 'ansible_navigator.main' dbus-python==1.2.18 /usr/lib64/python3.9/site-packages
2023-09-06T15:22:54.618124+00:00 DEBUG 'ansible_navigator.main' decorator==4.4.2 /usr/lib/python3.9/site-packages
2023-09-06T15:22:54.618145+00:00 DEBUG 'ansible_navigator.main' distlib==0.3.4 /usr/local/lib/python3.9/site-packages
2023-09-06T15:22:54.618166+00:00 DEBUG 'ansible_navigator.main' distro==1.6.0 /usr/lib/python3.9/site-packages
2023-09-06T15:22:54.618187+00:00 DEBUG 'ansible_navigator.main' docutils==0.16 /usr/lib/python3.9/site-packages
2023-09-06T15:22:54.618209+00:00 DEBUG 'ansible_navigator.main' ethtool==0.15 /usr/lib64/python3.9/site-packages
2023-09-06T15:22:54.618230+00:00 DEBUG 'ansible_navigator.main' file-magic==0.4.0 /usr/lib/python3.9/site-packages
2023-09-06T15:22:54.618251+00:00 DEBUG 'ansible_navigator.main' filelock==3.7.0 /usr/local/lib/python3.9/site-packages
2023-09-06T15:22:54.618281+00:00 DEBUG 'ansible_navigator.main' gpg==1.15.1 /usr/lib64/python3.9/site-packages
2023-09-06T15:22:54.618304+00:00 DEBUG 'ansible_navigator.main' idna==3.3 /usr/lib/python3.9/site-packages
2023-09-06T15:22:54.618326+00:00 DEBUG 'ansible_navigator.main' iniparse==0.4 /usr/lib/python3.9/site-packages
2023-09-06T15:22:54.618358+00:00 DEBUG 'ansible_navigator.main' jinja2==3.0.3 /usr/lib/python3.9/site-packages
2023-09-06T15:22:54.618379+00:00 DEBUG 'ansible_navigator.main' jsonpatch==1.21 /usr/lib/python3.9/site-packages
2023-09-06T15:22:54.618399+00:00 DEBUG 'ansible_navigator.main' jsonpointer==2.0 /usr/lib/python3.9/site-packages
2023-09-06T15:22:54.618420+00:00 DEBUG 'ansible_navigator.main' jsonschema==3.2.0 /usr/lib/python3.9/site-packages
2023-09-06T15:22:54.618453+00:00 DEBUG 'ansible_navigator.main' libcomps==0.1.18 /usr/lib64/python3.9/site-packages
2023-09-06T15:22:54.618474+00:00 DEBUG 'ansible_navigator.main' lockfile==0.12.2 /usr/lib/python3.9/site-packages
2023-09-06T15:22:54.618494+00:00 DEBUG 'ansible_navigator.main' lxml==4.6.5 /usr/lib64/python3.9/site-packages
2023-09-06T15:22:54.618514+00:00 DEBUG 'ansible_navigator.main' markupsafe==2.1.0 /usr/lib64/python3.9/site-packages
2023-09-06T15:22:54.618534+00:00 DEBUG 'ansible_navigator.main' netifaces==0.10.6 /usr/lib64/python3.9/site-packages
2023-09-06T15:22:54.618554+00:00 DEBUG 'ansible_navigator.main' nftables==0.1 /usr/lib/python3.9/site-packages
2023-09-06T15:22:54.618574+00:00 DEBUG 'ansible_navigator.main' oauthlib==3.1.1 /usr/lib/python3.9/site-packages
2023-09-06T15:22:54.618594+00:00 DEBUG 'ansible_navigator.main' onigurumacffi==1.1.0 /usr/lib64/python3.9/site-packages
2023-09-06T15:22:54.618614+00:00 DEBUG 'ansible_navigator.main' packaging==21.2 /usr/lib/python3.9/site-packages
2023-09-06T15:22:54.618634+00:00 DEBUG 'ansible_navigator.main' parsley==1.3 /usr/lib/python3.9/site-packages
2023-09-06T15:22:54.618655+00:00 DEBUG 'ansible_navigator.main' pathspec==0.11.2 /home/student/.local/lib/python3.9/site-packages
2023-09-06T15:22:54.618675+00:00 DEBUG 'ansible_navigator.main' pbr==5.8.1 /usr/lib/python3.9/site-packages
2023-09-06T15:22:54.618695+00:00 DEBUG 'ansible_navigator.main' perf==0.1 /usr/lib64/python3.9/site-packages
2023-09-06T15:22:54.618715+00:00 DEBUG 'ansible_navigator.main' pexpect==4.8.0 /usr/lib/python3.9/site-packages
2023-09-06T15:22:54.618735+00:00 DEBUG 'ansible_navigator.main' pip==21.2.3 /usr/lib/python3.9/site-packages
2023-09-06T15:22:54.618755+00:00 DEBUG 'ansible_navigator.main' platformdirs==2.5.2 /usr/local/lib/python3.9/site-packages
2023-09-06T15:22:54.618776+00:00 DEBUG 'ansible_navigator.main' ply==3.11 /usr/lib/python3.9/site-packages
2023-09-06T15:22:54.618796+00:00 DEBUG 'ansible_navigator.main' prettytable==0.7.2 /usr/lib/python3.9/site-packages
2023-09-06T15:22:54.618816+00:00 DEBUG 'ansible_navigator.main' psutil==5.8.0 /usr/lib64/python3.9/site-packages
2023-09-06T15:22:54.618836+00:00 DEBUG 'ansible_navigator.main' ptyprocess==0.6.0 /usr/lib/python3.9/site-packages
2023-09-06T15:22:54.618856+00:00 DEBUG 'ansible_navigator.main' pycairo==1.20.0 /usr/lib64/python3.9/site-packages
2023-09-06T15:22:54.618876+00:00 DEBUG 'ansible_navigator.main' pycparser==2.21 /usr/lib/python3.9/site-packages
2023-09-06T15:22:54.618896+00:00 DEBUG 'ansible_navigator.main' pycups==2.0.1 /usr/lib64/python3.9/site-packages
2023-09-06T15:22:54.618916+00:00 DEBUG 'ansible_navigator.main' pycurl==7.43.0.6 /usr/lib64/python3.9/site-packages
2023-09-06T15:22:54.618936+00:00 DEBUG 'ansible_navigator.main' pyenchant==3.2.0 /usr/lib/python3.9/site-packages
2023-09-06T15:22:54.618956+00:00 DEBUG 'ansible_navigator.main' pygobject==3.40.1 /usr/lib64/python3.9/site-packages
2023-09-06T15:22:54.618976+00:00 DEBUG 'ansible_navigator.main' pyinotify==0.9.6 /usr/lib/python3.9/site-packages
2023-09-06T15:22:54.618996+00:00 DEBUG 'ansible_navigator.main' pyopenssl==19.1.0 /usr/lib/python3.9/site-packages
2023-09-06T15:22:54.619016+00:00 DEBUG 'ansible_navigator.main' pyparsing==2.4.7 /usr/lib/python3.9/site-packages
2023-09-06T15:22:54.619036+00:00 DEBUG 'ansible_navigator.main' pyrsistent==0.17.3 /usr/lib64/python3.9/site-packages
2023-09-06T15:22:54.619056+00:00 DEBUG 'ansible_navigator.main' pyserial==3.4 /usr/lib/python3.9/site-packages
2023-09-06T15:22:54.619080+00:00 DEBUG 'ansible_navigator.main' pysocks==1.7.1 /usr/lib/python3.9/site-packages
2023-09-06T15:22:54.619101+00:00 DEBUG 'ansible_navigator.main' python-daemon==2.3.0 /usr/lib/python3.9/site-packages
2023-09-06T15:22:54.619121+00:00 DEBUG 'ansible_navigator.main' python-dateutil==2.8.1 /usr/lib/python3.9/site-packages
2023-09-06T15:22:54.619141+00:00 DEBUG 'ansible_navigator.main' python-dmidecode==3.12.2 /usr/lib64/python3.9/site-packages
2023-09-06T15:22:54.619161+00:00 DEBUG 'ansible_navigator.main' python-linux-procfs==0.7.0 /usr/lib/python3.9/site-packages
2023-09-06T15:22:54.619181+00:00 DEBUG 'ansible_navigator.main' pytz==2021.3 /usr/lib/python3.9/site-packages
2023-09-06T15:22:54.619201+00:00 DEBUG 'ansible_navigator.main' pyudev==0.22.0 /usr/lib/python3.9/site-packages
2023-09-06T15:22:54.619221+00:00 DEBUG 'ansible_navigator.main' pyxdg==0.27 /usr/lib/python3.9/site-packages
2023-09-06T15:22:54.619241+00:00 DEBUG 'ansible_navigator.main' pyyaml==5.4.1 /usr/lib64/python3.9/site-packages
2023-09-06T15:22:54.619262+00:00 DEBUG 'ansible_navigator.main' requests==2.27.1 /usr/lib/python3.9/site-packages
2023-09-06T15:22:54.619289+00:00 DEBUG 'ansible_navigator.main' requirements-parser==0.2.0 /usr/lib/python3.9/site-packages
2023-09-06T15:22:54.619310+00:00 DEBUG 'ansible_navigator.main' resolvelib==0.5.4 /usr/lib/python3.9/site-packages
2023-09-06T15:22:54.619330+00:00 DEBUG 'ansible_navigator.main' rpm==4.16.1.3 /usr/lib64/python3.9/site-packages
2023-09-06T15:22:54.619350+00:00 DEBUG 'ansible_navigator.main' selinux==3.3 /usr/lib64/python3.9/site-packages
2023-09-06T15:22:54.619370+00:00 DEBUG 'ansible_navigator.main' sepolicy==3.3 /usr/lib/python3.9/site-packages
2023-09-06T15:22:54.619391+00:00 DEBUG 'ansible_navigator.main' setools==4.4.0 /usr/lib64/python3.9/site-packages
2023-09-06T15:22:54.619411+00:00 DEBUG 'ansible_navigator.main' setroubleshoot==1.1 /usr/lib/python3.9/site-packages
2023-09-06T15:22:54.619431+00:00 DEBUG 'ansible_navigator.main' setuptools==53.0.0 /usr/lib/python3.9/site-packages
2023-09-06T15:22:54.619498+00:00 DEBUG 'ansible_navigator.main' six==1.16.0 /usr/lib/python3.9/site-packages
2023-09-06T15:22:54.619519+00:00 DEBUG 'ansible_navigator.main' sos==4.2 /usr/lib/python3.9/site-packages
2023-09-06T15:22:54.619539+00:00 DEBUG 'ansible_navigator.main' subscription-manager==1.29.26 /usr/lib64/python3.9/site-packages
2023-09-06T15:22:54.619559+00:00 DEBUG 'ansible_navigator.main' systemd-python==234 /usr/lib64/python3.9/site-packages
2023-09-06T15:22:54.619579+00:00 DEBUG 'ansible_navigator.main' urllib3==1.26.8 /usr/lib/python3.9/site-packages
2023-09-06T15:22:54.619599+00:00 DEBUG 'ansible_navigator.main' virtualenv==20.14.1 /usr/local/lib/python3.9/site-packages
2023-09-06T15:22:54.619619+00:00 DEBUG 'ansible_navigator.main' yamllint==1.32.0 /home/student/.local/lib/python3.9/site-packages
2023-09-06T15:22:54.619639+00:00 DEBUG 'ansible_navigator.main' Share directory '/usr/lib/python3.9/share/ansible_navigator' not found (development path)
2023-09-06T15:22:54.619659+00:00 DEBUG 'ansible_navigator.main' Share directory '/home/student/.local/share/ansible_navigator' not found (userbase)
2023-09-06T15:22:54.619679+00:00 DEBUG 'ansible_navigator.main' Share directory '/usr/share/ansible_navigator' found (sys.prefix)
2023-09-06T15:22:54.619700+00:00 DEBUG 'ansible_navigator.main' Default collection_doc_cache_path set to: /home/student/.cache/ansible-navigator/collection_doc_cache.db
2023-09-06T15:22:54.619720+00:00 DEBUG 'ansible_navigator.main' EDITOR environment variable set as '/usr/bin/vim'
2023-09-06T15:22:54.619740+00:00 DEBUG 'ansible_navigator.main' Default editor_command set to: /usr/bin/vim {filename}
2023-09-06T15:22:54.619760+00:00 DEBUG 'ansible_navigator.main' No config file set by ANSIBLE_NAVIGATOR_CONFIG
2023-09-06T15:22:54.619780+00:00 DEBUG 'ansible_navigator.main' Looking in /home/student
2023-09-06T15:22:54.619800+00:00 DEBUG 'ansible_navigator.main' Looking for '/home/student/.ansible-navigator.yml', '/home/student/.ansible-navigator.yaml' and '/home/student/.ansible-navigator.json'
2023-09-06T15:22:54.619824+00:00 DEBUG 'ansible_navigator.main' Found 1: '/home/student/.ansible-navigator.yml'
2023-09-06T15:22:54.619845+00:00 DEBUG 'ansible_navigator.main' Looking in /home/student/latihan_drive
2023-09-06T15:22:54.619865+00:00 DEBUG 'ansible_navigator.main' Looking for '/home/student/latihan_drive/ansible-navigator.yml', '/home/student/latihan_drive/ansible-navigator.yaml' and '/home/student/latihan_drive/ansible-navigator.json'
2023-09-06T15:22:54.619886+00:00 DEBUG 'ansible_navigator.main' Found 0: 
2023-09-06T15:22:54.619906+00:00 DEBUG 'ansible_navigator.main' All found 1: '/home/student/.ansible-navigator.yml'
2023-09-06T15:22:54.619926+00:00 DEBUG 'ansible_navigator.main' Using: /home/student/.ansible-navigator.yml
2023-09-06T15:22:54.619946+00:00 DEBUG 'ansible_navigator.main' Using settings file at /home/student/.ansible-navigator.yml in search path
2023-09-06T15:22:54.619966+00:00 DEBUG 'ansible_navigator.main' Command provided: 'doc'
2023-09-06T15:22:54.619986+00:00 DEBUG 'ansible_navigator.main' ansible-navigator.ansible-runner.artifact-dir not found in settings file
2023-09-06T15:22:54.620006+00:00 DEBUG 'ansible_navigator.main' ansible-navigator.ansible-runner.rotate-artifacts-count not found in settings file
2023-09-06T15:22:54.620026+00:00 DEBUG 'ansible_navigator.main' ansible-navigator.ansible-runner.timeout not found in settings file
2023-09-06T15:22:54.620046+00:00 DEBUG 'ansible_navigator.main' ansible-navigator.app not found in settings file
2023-09-06T15:22:54.620066+00:00 DEBUG 'ansible_navigator.main' ansible-navigator.ansible.cmdline not found in settings file
2023-09-06T15:22:54.620086+00:00 DEBUG 'ansible_navigator.main' ansible-navigator.collection-doc-cache-path not found in settings file
2023-09-06T15:22:54.620106+00:00 DEBUG 'ansible_navigator.main' ansible-navigator.ansible.config.path not found in settings file
2023-09-06T15:22:54.620126+00:00 DEBUG 'ansible_navigator.main' ansible-navigator.execution-environment.container-engine not found in settings file
2023-09-06T15:22:54.620146+00:00 DEBUG 'ansible_navigator.main' ansible-navigator.execution-environment.container-options not found in settings file
2023-09-06T15:22:54.620166+00:00 DEBUG 'ansible_navigator.main' ansible-navigator.color.enable not found in settings file
2023-09-06T15:22:54.620186+00:00 DEBUG 'ansible_navigator.main' ansible-navigator.editor.command not found in settings file
2023-09-06T15:22:54.620213+00:00 DEBUG 'ansible_navigator.main' ansible-navigator.editor.console not found in settings file
2023-09-06T15:22:54.620244+00:00 DEBUG 'ansible_navigator.main' ansible-navigator.exec.command not found in settings file
2023-09-06T15:22:54.620281+00:00 DEBUG 'ansible_navigator.main' ansible-navigator.exec.shell not found in settings file
2023-09-06T15:22:54.620314+00:00 DEBUG 'ansible_navigator.main' ansible-navigator.execution-environment.enabled not found in settings file
2023-09-06T15:22:54.620342+00:00 DEBUG 'ansible_navigator.main' ansible-navigator.execution-environment.volume-mounts not found in settings file
2023-09-06T15:22:54.620372+00:00 DEBUG 'ansible_navigator.main' ansible-navigator.ansible-builder.help not found in settings file
2023-09-06T15:22:54.620401+00:00 DEBUG 'ansible_navigator.main' ansible-navigator.ansible.config.help not found in settings file
2023-09-06T15:22:54.620431+00:00 DEBUG 'ansible_navigator.main' ansible-navigator.ansible.doc.help not found in settings file
2023-09-06T15:22:54.620484+00:00 DEBUG 'ansible_navigator.main' ansible-navigator.ansible.inventory.help not found in settings file
2023-09-06T15:22:54.620511+00:00 DEBUG 'ansible_navigator.main' ansible-navigator.ansible.playbook.help not found in settings file
2023-09-06T15:22:54.620532+00:00 DEBUG 'ansible_navigator.main' ansible-navigator.images.details not found in settings file
2023-09-06T15:22:54.620552+00:00 DEBUG 'ansible_navigator.main' ansible-navigator.ansible.inventory.entries not found in settings file
2023-09-06T15:22:54.620573+00:00 DEBUG 'ansible_navigator.main' ansible-navigator.inventory-columns not found in settings file
2023-09-06T15:22:54.620599+00:00 DEBUG 'ansible_navigator.main' ansible-navigator.ansible-lint.config not found in settings file
2023-09-06T15:22:54.620620+00:00 DEBUG 'ansible_navigator.main' ansible-navigator.ansible-lint.lintables not found in settings file
2023-09-06T15:22:54.620641+00:00 DEBUG 'ansible_navigator.main' ansible-navigator.logging.append not found in settings file
2023-09-06T15:22:54.620661+00:00 DEBUG 'ansible_navigator.main' ansible-navigator.logging.file not found in settings file
2023-09-06T15:22:54.620680+00:00 DEBUG 'ansible_navigator.main' ansible-navigator.logging.level not found in settings file
2023-09-06T15:22:54.620701+00:00 DEBUG 'ansible_navigator.main' ansible-navigator.mode not found in settings file
2023-09-06T15:22:54.620721+00:00 DEBUG 'ansible_navigator.main' ansible-navigator.color.osc4 not found in settings file
2023-09-06T15:22:54.620741+00:00 DEBUG 'ansible_navigator.main' ansible-navigator.execution-environment.environment-variables.pass not found in settings file
2023-09-06T15:22:54.620761+00:00 DEBUG 'ansible_navigator.main' ansible-navigator.ansible.playbook.path not found in settings file
2023-09-06T15:22:54.620781+00:00 DEBUG 'ansible_navigator.main' ansible-navigator.playbook-artifact.replay not found in settings file
2023-09-06T15:22:54.620801+00:00 DEBUG 'ansible_navigator.main' ansible-navigator.playbook-artifact.save-as not found in settings file
2023-09-06T15:22:54.620821+00:00 DEBUG 'ansible_navigator.main' ansible-navigator.ansible.doc.plugin.name not found in settings file
2023-09-06T15:22:54.620842+00:00 DEBUG 'ansible_navigator.main' ansible-navigator.ansible.doc.plugin.type not found in settings file
2023-09-06T15:22:54.620862+00:00 DEBUG 'ansible_navigator.main' ansible-navigator.execution-environment.pull.arguments not found in settings file
2023-09-06T15:22:54.620882+00:00 DEBUG 'ansible_navigator.main' ansible-navigator.execution-environment.environment-variables.set not found in settings file
2023-09-06T15:22:54.620902+00:00 DEBUG 'ansible_navigator.main' ansible-navigator.settings.effective not found in settings file
2023-09-06T15:22:54.620922+00:00 DEBUG 'ansible_navigator.main' ansible-navigator.settings.sample not found in settings file
2023-09-06T15:22:54.620942+00:00 DEBUG 'ansible_navigator.main' ansible-navigator.settings.schema not found in settings file
2023-09-06T15:22:54.620962+00:00 DEBUG 'ansible_navigator.main' ansible-navigator.settings.sources not found in settings file
2023-09-06T15:22:54.620982+00:00 DEBUG 'ansible_navigator.main' ansible-navigator.time-zone not found in settings file
2023-09-06T15:22:54.621002+00:00 DEBUG 'ansible_navigator.main' ansible-navigator.ansible-builder.workdir not found in settings file
2023-09-06T15:22:54.621022+00:00 DEBUG 'ansible_navigator.main' EE support enabled: using current working directory for 'ansible.cfg'
2023-09-06T15:22:54.621042+00:00 INFO 'ansible_navigator.main' EE support enabled: found 'ansible.cfg' in current working directory.
2023-09-06T15:22:54.621062+00:00 DEBUG 'ansible_navigator.main' Completed post processing for ansible_runner_artifact_dir. (changed=False)
2023-09-06T15:22:54.621082+00:00 DEBUG 'ansible_navigator.main' Completed post processing for ansible_runner_rotate_artifacts_count. (changed=False)
2023-09-06T15:22:54.621102+00:00 DEBUG 'ansible_navigator.main' Completed post processing for ansible_runner_timeout. (changed=False)
2023-09-06T15:22:54.621122+00:00 DEBUG 'ansible_navigator.main' Completed post processing for cmdline. (changed=False)
2023-09-06T15:22:54.621156+00:00 DEBUG 'ansible_navigator.main' Completed post processing for collection_doc_cache_path. (changed=False)
2023-09-06T15:22:54.621175+00:00 DEBUG 'ansible_navigator.main' Completed post processing for container_engine. (changed=True)
2023-09-06T15:22:54.621193+00:00 DEBUG 'ansible_navigator.main'  before: 'auto'
2023-09-06T15:22:54.621212+00:00 DEBUG 'ansible_navigator.main'  after: 'podman'
2023-09-06T15:22:54.621231+00:00 DEBUG 'ansible_navigator.main' Completed post processing for container_options. (changed=False)
2023-09-06T15:22:54.621253+00:00 DEBUG 'ansible_navigator.main' Completed post processing for display_color. (changed=False)
2023-09-06T15:22:54.621280+00:00 DEBUG 'ansible_navigator.main' Completed post processing for execution_environment. (changed=False)
2023-09-06T15:22:54.621300+00:00 DEBUG 'ansible_navigator.main' Completed post processing for execution_environment_image. (changed=False)
2023-09-06T15:22:54.621318+00:00 DEBUG 'ansible_navigator.main' Completed post processing for help_builder. (changed=False)
2023-09-06T15:22:54.621354+00:00 DEBUG 'ansible_navigator.main' Completed post processing for help_config. (changed=False)
2023-09-06T15:22:54.621374+00:00 DEBUG 'ansible_navigator.main' Completed post processing for help_doc. (changed=False)
2023-09-06T15:22:54.621394+00:00 DEBUG 'ansible_navigator.main' Completed post processing for help_inventory. (changed=False)
2023-09-06T15:22:54.621414+00:00 DEBUG 'ansible_navigator.main' Completed post processing for help_playbook. (changed=False)
2023-09-06T15:22:54.621434+00:00 DEBUG 'ansible_navigator.main' Completed post processing for images_details. (changed=False)
2023-09-06T15:22:54.621466+00:00 DEBUG 'ansible_navigator.main' Completed post processing for inventory. (changed=True)
2023-09-06T15:22:54.621487+00:00 DEBUG 'ansible_navigator.main'  before: 'Not set'
2023-09-06T15:22:54.621507+00:00 DEBUG 'ansible_navigator.main'  after: '['/home/student/latihan_drive/inventory']'
2023-09-06T15:22:54.621527+00:00 DEBUG 'ansible_navigator.main' Completed post processing for inventory_column. (changed=False)
2023-09-06T15:22:54.621547+00:00 DEBUG 'ansible_navigator.main' Completed post processing for log_file. (changed=False)
2023-09-06T15:22:54.621567+00:00 DEBUG 'ansible_navigator.main' Completed post processing for pass_environment_variable. (changed=False)
2023-09-06T15:22:54.621587+00:00 DEBUG 'ansible_navigator.main' Completed post processing for playbook. (changed=False)
2023-09-06T15:22:54.621607+00:00 DEBUG 'ansible_navigator.main' Completed post processing for playbook_artifact_replay. (changed=False)
2023-09-06T15:22:54.621626+00:00 DEBUG 'ansible_navigator.main' Completed post processing for playbook_artifact_save_as. (changed=False)
2023-09-06T15:22:54.621646+00:00 DEBUG 'ansible_navigator.main' Completed post processing for plugin_name. (changed=False)
2023-09-06T15:22:54.621666+00:00 DEBUG 'ansible_navigator.main' Completed post processing for pull_arguments. (changed=False)
2023-09-06T15:22:54.621686+00:00 DEBUG 'ansible_navigator.main' Completed post processing for set_environment_variable. (changed=False)
2023-09-06T15:22:54.621706+00:00 DEBUG 'ansible_navigator.main' Completed post processing for settings_effective. (changed=False)
2023-09-06T15:22:54.621726+00:00 DEBUG 'ansible_navigator.main' Completed post processing for settings_sample. (changed=False)
2023-09-06T15:22:54.621746+00:00 DEBUG 'ansible_navigator.main' Completed post processing for settings_schema. (changed=False)
2023-09-06T15:22:54.621765+00:00 DEBUG 'ansible_navigator.main' Completed post processing for settings_sources. (changed=False)
2023-09-06T15:22:54.621785+00:00 DEBUG 'ansible_navigator.main' Completed post processing for time_zone. (changed=False)
2023-09-06T15:22:54.621805+00:00 DEBUG 'ansible_navigator.main' Completed post processing for execution_environment_volume_mounts. (changed=False)
2023-09-06T15:22:54.621825+00:00 DEBUG 'ansible_navigator.main' Completed post processing for mode. (changed=False)
2023-09-06T15:22:54.621849+00:00 WARNING 'ansible_navigator.main' Configuration errors encountered, rolling back to previous configuration.
2023-09-06T15:22:54.621869+00:00 DEBUG 'ansible_navigator.main' Prior to rollback: ansible_runner_artifact_dir = 'Not set' (Constants/Not set)
2023-09-06T15:22:54.621889+00:00 DEBUG 'ansible_navigator.main' Prior to rollback: ansible_runner_rotate_artifacts_count = 'Not set' (Constants/Not set)
2023-09-06T15:22:54.621910+00:00 DEBUG 'ansible_navigator.main' Prior to rollback: ansible_runner_timeout = 'Not set' (Constants/Not set)
2023-09-06T15:22:54.621933+00:00 DEBUG 'ansible_navigator.main' Prior to rollback: app = 'doc' (str/Command line)
2023-09-06T15:22:54.621953+00:00 DEBUG 'ansible_navigator.main' Prior to rollback: cmdline = 'Not set' (Constants/Not set)
2023-09-06T15:22:54.621973+00:00 DEBUG 'ansible_navigator.main' Prior to rollback: collection_doc_cache_path = '/home/student/.cache/ansible-navigator/collection_doc_cache.db' (str/Defaults)
2023-09-06T15:22:54.621994+00:00 DEBUG 'ansible_navigator.main' Prior to rollback: config = 'Not set' (Constants/Not set)
2023-09-06T15:22:54.622013+00:00 DEBUG 'ansible_navigator.main' Prior to rollback: container_engine = 'podman' (str/Automatically determined)
2023-09-06T15:22:54.622033+00:00 DEBUG 'ansible_navigator.main' Prior to rollback: container_options = 'Not set' (Constants/Not set)
2023-09-06T15:22:54.622054+00:00 DEBUG 'ansible_navigator.main' Prior to rollback: display_color = 'True' (bool/Defaults)
2023-09-06T15:22:54.622074+00:00 DEBUG 'ansible_navigator.main' Prior to rollback: editor_command = '/usr/bin/vim {filename}' (str/Defaults)
2023-09-06T15:22:54.622094+00:00 DEBUG 'ansible_navigator.main' Prior to rollback: editor_console = 'True' (bool/Defaults)
2023-09-06T15:22:54.622113+00:00 DEBUG 'ansible_navigator.main' Prior to rollback: exec_command = '/bin/bash' (str/Defaults)
2023-09-06T15:22:54.622133+00:00 DEBUG 'ansible_navigator.main' Prior to rollback: exec_shell = 'True' (bool/Defaults)
2023-09-06T15:22:54.622153+00:00 DEBUG 'ansible_navigator.main' Prior to rollback: execution_environment = 'True' (bool/Defaults)
2023-09-06T15:22:54.622174+00:00 DEBUG 'ansible_navigator.main' Prior to rollback: execution_environment_image = 'utility.lab.example.com/ee-supported-rhel8:latest' (str/Settings file)
2023-09-06T15:22:54.622194+00:00 DEBUG 'ansible_navigator.main' Prior to rollback: execution_environment_volume_mounts = 'Not set' (Constants/Not set)
2023-09-06T15:22:54.622213+00:00 DEBUG 'ansible_navigator.main' Prior to rollback: help_builder = 'False' (bool/Defaults)
2023-09-06T15:22:54.622233+00:00 DEBUG 'ansible_navigator.main' Prior to rollback: help_config = 'False' (bool/Defaults)
2023-09-06T15:22:54.622253+00:00 DEBUG 'ansible_navigator.main' Prior to rollback: help_doc = 'False' (bool/Defaults)
2023-09-06T15:22:54.622280+00:00 DEBUG 'ansible_navigator.main' Prior to rollback: help_inventory = 'False' (bool/Defaults)
2023-09-06T15:22:54.622300+00:00 DEBUG 'ansible_navigator.main' Prior to rollback: help_playbook = 'False' (bool/Defaults)
2023-09-06T15:22:54.622320+00:00 DEBUG 'ansible_navigator.main' Prior to rollback: images_details = '['everything']' (list/Defaults)
2023-09-06T15:22:54.622340+00:00 DEBUG 'ansible_navigator.main' Prior to rollback: inventory = '['/home/student/latihan_drive/inventory']' (list/Ansible configuration file)
2023-09-06T15:22:54.622360+00:00 DEBUG 'ansible_navigator.main' Prior to rollback: inventory_column = 'Not set' (Constants/Not set)
2023-09-06T15:22:54.622380+00:00 DEBUG 'ansible_navigator.main' Prior to rollback: lint_config = 'Not set' (Constants/Not set)
2023-09-06T15:22:54.622400+00:00 DEBUG 'ansible_navigator.main' Prior to rollback: lintables = 'Not set' (Constants/Not set)
2023-09-06T15:22:54.622419+00:00 DEBUG 'ansible_navigator.main' Prior to rollback: log_append = 'True' (bool/Defaults)
2023-09-06T15:22:54.622447+00:00 DEBUG 'ansible_navigator.main' Prior to rollback: log_file = '/home/student/latihan_drive/ansible-navigator.log' (str/Defaults)
2023-09-06T15:22:54.622468+00:00 DEBUG 'ansible_navigator.main' Prior to rollback: log_level = 'warning' (str/Defaults)
2023-09-06T15:22:54.622498+00:00 DEBUG 'ansible_navigator.main' Prior to rollback: mode = 'interactive' (str/Defaults)
2023-09-06T15:22:54.622529+00:00 DEBUG 'ansible_navigator.main' Prior to rollback: osc4 = 'True' (bool/Defaults)
2023-09-06T15:22:54.622558+00:00 DEBUG 'ansible_navigator.main' Prior to rollback: pass_environment_variable = 'Not set' (Constants/Not set)
2023-09-06T15:22:54.622588+00:00 DEBUG 'ansible_navigator.main' Prior to rollback: playbook = 'Not set' (Constants/Not set)
2023-09-06T15:22:54.622630+00:00 DEBUG 'ansible_navigator.main' Prior to rollback: playbook_artifact_enable = 'False' (bool/Settings file)
2023-09-06T15:22:54.622662+00:00 DEBUG 'ansible_navigator.main' Prior to rollback: playbook_artifact_replay = 'Not set' (Constants/Not set)
2023-09-06T15:22:54.622692+00:00 DEBUG 'ansible_navigator.main' Prior to rollback: playbook_artifact_save_as = '{playbook_dir}/{playbook_name}-artifact-{time_stamp}.json' (str/Defaults)
2023-09-06T15:22:54.622723+00:00 DEBUG 'ansible_navigator.main' Prior to rollback: plugin_name = 'Not set' (Constants/Not set)
2023-09-06T15:22:54.622745+00:00 DEBUG 'ansible_navigator.main' Prior to rollback: plugin_type = 'module' (str/Defaults)
2023-09-06T15:22:54.622766+00:00 DEBUG 'ansible_navigator.main' Prior to rollback: pull_arguments = 'Not set' (Constants/Not set)
2023-09-06T15:22:54.622786+00:00 DEBUG 'ansible_navigator.main' Prior to rollback: pull_policy = 'missing' (str/Settings file)
2023-09-06T15:22:54.622806+00:00 DEBUG 'ansible_navigator.main' Prior to rollback: set_environment_variable = 'Not set' (Constants/Not set)
2023-09-06T15:22:54.622826+00:00 DEBUG 'ansible_navigator.main' Prior to rollback: settings_effective = 'False' (bool/Defaults)
2023-09-06T15:22:54.622846+00:00 DEBUG 'ansible_navigator.main' Prior to rollback: settings_sample = 'False' (bool/Defaults)
2023-09-06T15:22:54.622866+00:00 DEBUG 'ansible_navigator.main' Prior to rollback: settings_schema = 'json' (str/Defaults)
2023-09-06T15:22:54.622887+00:00 DEBUG 'ansible_navigator.main' Prior to rollback: settings_sources = 'False' (bool/Defaults)
2023-09-06T15:22:54.622907+00:00 DEBUG 'ansible_navigator.main' Prior to rollback: time_zone = 'UTC' (str/Defaults)
2023-09-06T15:22:54.622927+00:00 DEBUG 'ansible_navigator.main' Prior to rollback: workdir = '/home/student/latihan_drive' (str/Defaults)
2023-09-06T15:22:54.622947+00:00 DEBUG 'ansible_navigator.main' After rollback: ansible_runner_artifact_dir = 'Not set' (Constants/Not set)
2023-09-06T15:22:54.622967+00:00 DEBUG 'ansible_navigator.main' After rollback: ansible_runner_rotate_artifacts_count = 'Not set' (Constants/Not set)
2023-09-06T15:22:54.622988+00:00 DEBUG 'ansible_navigator.main' After rollback: ansible_runner_timeout = 'Not set' (Constants/Not set)
2023-09-06T15:22:54.623008+00:00 DEBUG 'ansible_navigator.main' After rollback: app = 'Not set' (Constants/Not set)
2023-09-06T15:22:54.623029+00:00 DEBUG 'ansible_navigator.main' After rollback: cmdline = 'Not set' (Constants/Not set)
2023-09-06T15:22:54.623049+00:00 DEBUG 'ansible_navigator.main' After rollback: collection_doc_cache_path = 'Not set' (Constants/Not set)
2023-09-06T15:22:54.623068+00:00 DEBUG 'ansible_navigator.main' After rollback: config = 'Not set' (Constants/Not set)
2023-09-06T15:22:54.623089+00:00 DEBUG 'ansible_navigator.main' After rollback: container_engine = 'Not set' (Constants/Not set)
2023-09-06T15:22:54.623109+00:00 DEBUG 'ansible_navigator.main' After rollback: container_options = 'Not set' (Constants/Not set)
2023-09-06T15:22:54.623129+00:00 DEBUG 'ansible_navigator.main' After rollback: display_color = 'Not set' (Constants/Not set)
2023-09-06T15:22:54.623148+00:00 DEBUG 'ansible_navigator.main' After rollback: editor_command = 'Not set' (Constants/Not set)
2023-09-06T15:22:54.623168+00:00 DEBUG 'ansible_navigator.main' After rollback: editor_console = 'Not set' (Constants/Not set)
2023-09-06T15:22:54.623188+00:00 DEBUG 'ansible_navigator.main' After rollback: exec_command = 'Not set' (Constants/Not set)
2023-09-06T15:22:54.623208+00:00 DEBUG 'ansible_navigator.main' After rollback: exec_shell = 'Not set' (Constants/Not set)
2023-09-06T15:22:54.623227+00:00 DEBUG 'ansible_navigator.main' After rollback: execution_environment = 'Not set' (Constants/Not set)
2023-09-06T15:22:54.623247+00:00 DEBUG 'ansible_navigator.main' After rollback: execution_environment_image = 'Not set' (Constants/Not set)
2023-09-06T15:22:54.623267+00:00 DEBUG 'ansible_navigator.main' After rollback: execution_environment_volume_mounts = 'Not set' (Constants/Not set)
2023-09-06T15:22:54.623304+00:00 DEBUG 'ansible_navigator.main' After rollback: help_builder = 'Not set' (Constants/Not set)
2023-09-06T15:22:54.623324+00:00 DEBUG 'ansible_navigator.main' After rollback: help_config = 'Not set' (Constants/Not set)
2023-09-06T15:22:54.623344+00:00 DEBUG 'ansible_navigator.main' After rollback: help_doc = 'Not set' (Constants/Not set)
2023-09-06T15:22:54.623364+00:00 DEBUG 'ansible_navigator.main' After rollback: help_inventory = 'Not set' (Constants/Not set)
2023-09-06T15:22:54.623384+00:00 DEBUG 'ansible_navigator.main' After rollback: help_playbook = 'Not set' (Constants/Not set)
2023-09-06T15:22:54.623404+00:00 DEBUG 'ansible_navigator.main' After rollback: images_details = 'Not set' (Constants/Not set)
2023-09-06T15:22:54.623423+00:00 DEBUG 'ansible_navigator.main' After rollback: inventory = 'Not set' (Constants/Not set)
2023-09-06T15:22:54.623510+00:00 DEBUG 'ansible_navigator.main' After rollback: inventory_column = 'Not set' (Constants/Not set)
2023-09-06T15:22:54.623530+00:00 DEBUG 'ansible_navigator.main' After rollback: lint_config = 'Not set' (Constants/Not set)
2023-09-06T15:22:54.623549+00:00 DEBUG 'ansible_navigator.main' After rollback: lintables = 'Not set' (Constants/Not set)
2023-09-06T15:22:54.623567+00:00 DEBUG 'ansible_navigator.main' After rollback: log_append = 'Not set' (Constants/Not set)
2023-09-06T15:22:54.623586+00:00 DEBUG 'ansible_navigator.main' After rollback: log_file = 'Not set' (Constants/Not set)
2023-09-06T15:22:54.623605+00:00 DEBUG 'ansible_navigator.main' After rollback: log_level = 'Not set' (Constants/Not set)
2023-09-06T15:22:54.623623+00:00 DEBUG 'ansible_navigator.main' After rollback: mode = 'Not set' (Constants/Not set)
2023-09-06T15:22:54.623642+00:00 DEBUG 'ansible_navigator.main' After rollback: osc4 = 'Not set' (Constants/Not set)
2023-09-06T15:22:54.623661+00:00 DEBUG 'ansible_navigator.main' After rollback: pass_environment_variable = 'Not set' (Constants/Not set)
2023-09-06T15:22:54.623679+00:00 DEBUG 'ansible_navigator.main' After rollback: playbook = 'Not set' (Constants/Not set)
2023-09-06T15:22:54.623698+00:00 DEBUG 'ansible_navigator.main' After rollback: playbook_artifact_enable = 'Not set' (Constants/Not set)
2023-09-06T15:22:54.623717+00:00 DEBUG 'ansible_navigator.main' After rollback: playbook_artifact_replay = 'Not set' (Constants/Not set)
2023-09-06T15:22:54.623736+00:00 DEBUG 'ansible_navigator.main' After rollback: playbook_artifact_save_as = 'Not set' (Constants/Not set)
2023-09-06T15:22:54.623754+00:00 DEBUG 'ansible_navigator.main' After rollback: plugin_name = 'Not set' (Constants/Not set)
2023-09-06T15:22:54.623773+00:00 DEBUG 'ansible_navigator.main' After rollback: plugin_type = 'Not set' (Constants/Not set)
2023-09-06T15:22:54.623792+00:00 DEBUG 'ansible_navigator.main' After rollback: pull_arguments = 'Not set' (Constants/Not set)
2023-09-06T15:22:54.623810+00:00 DEBUG 'ansible_navigator.main' After rollback: pull_policy = 'Not set' (Constants/Not set)
2023-09-06T15:22:54.623829+00:00 DEBUG 'ansible_navigator.main' After rollback: set_environment_variable = 'Not set' (Constants/Not set)
2023-09-06T15:22:54.623847+00:00 DEBUG 'ansible_navigator.main' After rollback: settings_effective = 'Not set' (Constants/Not set)
2023-09-06T15:22:54.623866+00:00 DEBUG 'ansible_navigator.main' After rollback: settings_sample = 'Not set' (Constants/Not set)
2023-09-06T15:22:54.623884+00:00 DEBUG 'ansible_navigator.main' After rollback: settings_schema = 'Not set' (Constants/Not set)
2023-09-06T15:22:54.623903+00:00 DEBUG 'ansible_navigator.main' After rollback: settings_sources = 'Not set' (Constants/Not set)
2023-09-06T15:22:54.623922+00:00 DEBUG 'ansible_navigator.main' After rollback: time_zone = 'Not set' (Constants/Not set)
2023-09-06T15:22:54.623940+00:00 DEBUG 'ansible_navigator.main' After rollback: workdir = 'Not set' (Constants/Not set)
2023-09-06T15:22:54.623959+00:00 DEBUG 'ansible_navigator.main' Configuration rollback complete.
2023-09-06T15:22:54.623981+00:00 DEBUG 'ansible_navigator.main' Collection doc cache not mounted
2023-09-06T15:22:54.624009+00:00 WARNING 'ansible_navigator.main' Issues were found while applying the settings.
2023-09-06T15:22:54.624032+00:00 INFO 'ansible_navigator.main' Command provided: 'doc'
2023-09-06T15:22:54.624057+00:00 ERROR 'ansible_navigator.main' A plugin name or other parameter is required when using the doc subcommand
2023-09-06T15:22:54.624080+00:00 INFO 'ansible_navigator.main' Try again with 'doc <plugin_name>'
2023-09-06T15:22:54.624101+00:00 INFO 'ansible_navigator.main' Configuration failed, using default log file location. (/home/student/latihan_drive/ansible-navigator.log) Log level set to debug
2023-09-06T15:22:54.624123+00:00 INFO 'ansible_navigator.main' Review the hints and log file to see what went wrong.
2023-09-06T15:23:01.879370+00:00 ERROR 'ansible_navigator.actions.doc._run_runner' Error occurred while fetching doc for plugin ansible: '[WARNING]: module ansible not found in: /home/student/latihan_drive/library:/ho
me/runner/.ansible/plugins/modules:/usr/share/ansible/plugins/modules:/usr/lib/
python3.9/site-packages/ansible/modules
'
2023-09-06T15:48:38.452296+00:00 ERROR 'ansible_navigator.actions.doc._run_runner' Error occurred while fetching doc for plugin timesync: '[WARNING]: module timesync not found in: /home/student/latihan_drive/library:/h
ome/runner/.ansible/plugins/modules:/usr/share/ansible/plugins/modules:/usr/lib
/python3.9/site-packages/ansible/modules
'
2023-09-06T16:19:17.631243+00:00 ERROR 'ansible_navigator.actions.doc._run_runner' Error occurred while fetching doc for plugin timesync: '[WARNING]: module timesync not found in: /home/student/latihan_drive/library:/h
ome/runner/.ansible/plugins/modules:/usr/share/ansible/plugins/modules:/usr/lib
/python3.9/site-packages/ansible/modules
'
2023-09-06T16:21:54.531151+00:00 ERROR 'ansible_navigator.actions.doc._run_runner' Error occurred while fetching doc for plugin timesync: '[WARNING]: module timesync not found in: /home/student/latihan_drive/library:/h
ome/runner/.ansible/plugins/modules:/usr/share/ansible/plugins/modules:/usr/lib
/python3.9/site-packages/ansible/modules
'
2023-09-06T16:24:07.383276+00:00 ERROR 'ansible_navigator.actions.doc._run_runner' Error occurred while fetching doc for plugin timesync: '[WARNING]: module timesync not found in: /home/student/latihan_drive/library:/h
ome/runner/.ansible/plugins/modules:/usr/share/ansible/plugins/modules:/usr/lib
/python3.9/site-packages/ansible/modules
'
2023-09-06T16:24:26.778703+00:00 ERROR 'ansible_navigator.actions.doc._run_runner' Error occurred while fetching doc for plugin linux-system-roles.timesync: '[WARNING]: module linux-system-roles.timesync not found in: /home/student/latih
an_drive/library:/home/runner/.ansible/plugins/modules:/usr/share/ansible/plugi
ns/modules:/usr/lib/python3.9/site-packages/ansible/modules
'
2023-09-07T07:00:53.853800+00:00 ERROR 'ansible_navigator.actions.doc._run_runner' Error occurred while fetching doc for plugin parted: '[WARNING]: module parted not found in: /home/student/latihan_drive/library:/hom
e/runner/.ansible/plugins/modules:/usr/share/ansible/plugins/modules:/usr/lib/p
ython3.9/site-packages/ansible/modules
'
